

Processing UserSessionsController#new (for 127.0.0.1 at 2010-08-25 13:32:59) [GET]

NoMethodError (undefined method `set_facebook_session' for #<UserSessionsController:0x1005abad0>):
  /Users/Daniel/.rvm/rubies/ruby-1.8.7-p299/lib/ruby/1.8/webrick/httpserver.rb:104:in `service'
  /Users/Daniel/.rvm/rubies/ruby-1.8.7-p299/lib/ruby/1.8/webrick/httpserver.rb:65:in `run'
  /Users/Daniel/.rvm/rubies/ruby-1.8.7-p299/lib/ruby/1.8/webrick/server.rb:173:in `start_thread'
  /Users/Daniel/.rvm/rubies/ruby-1.8.7-p299/lib/ruby/1.8/webrick/server.rb:162:in `start'
  /Users/Daniel/.rvm/rubies/ruby-1.8.7-p299/lib/ruby/1.8/webrick/server.rb:162:in `start_thread'
  /Users/Daniel/.rvm/rubies/ruby-1.8.7-p299/lib/ruby/1.8/webrick/server.rb:95:in `start'
  /Users/Daniel/.rvm/rubies/ruby-1.8.7-p299/lib/ruby/1.8/webrick/server.rb:92:in `each'
  /Users/Daniel/.rvm/rubies/ruby-1.8.7-p299/lib/ruby/1.8/webrick/server.rb:92:in `start'
  /Users/Daniel/.rvm/rubies/ruby-1.8.7-p299/lib/ruby/1.8/webrick/server.rb:23:in `start'
  /Users/Daniel/.rvm/rubies/ruby-1.8.7-p299/lib/ruby/1.8/webrick/server.rb:82:in `start'

Rendered rescues/_trace (39.3ms)
Rendered rescues/_request_and_response (1.1ms)
Rendering rescues/layout (internal_server_error)


Processing UserSessionsController#new (for 127.0.0.1 at 2010-08-25 13:34:18) [GET]

NoMethodError (undefined method `set_facebook_session' for #<UserSessionsController:0x101de1d98>):
  /Users/Daniel/.rvm/rubies/ruby-1.8.7-p299/lib/ruby/1.8/webrick/httpserver.rb:104:in `service'
  /Users/Daniel/.rvm/rubies/ruby-1.8.7-p299/lib/ruby/1.8/webrick/httpserver.rb:65:in `run'
  /Users/Daniel/.rvm/rubies/ruby-1.8.7-p299/lib/ruby/1.8/webrick/server.rb:173:in `start_thread'
  /Users/Daniel/.rvm/rubies/ruby-1.8.7-p299/lib/ruby/1.8/webrick/server.rb:162:in `start'
  /Users/Daniel/.rvm/rubies/ruby-1.8.7-p299/lib/ruby/1.8/webrick/server.rb:162:in `start_thread'
  /Users/Daniel/.rvm/rubies/ruby-1.8.7-p299/lib/ruby/1.8/webrick/server.rb:95:in `start'
  /Users/Daniel/.rvm/rubies/ruby-1.8.7-p299/lib/ruby/1.8/webrick/server.rb:92:in `each'
  /Users/Daniel/.rvm/rubies/ruby-1.8.7-p299/lib/ruby/1.8/webrick/server.rb:92:in `start'
  /Users/Daniel/.rvm/rubies/ruby-1.8.7-p299/lib/ruby/1.8/webrick/server.rb:23:in `start'
  /Users/Daniel/.rvm/rubies/ruby-1.8.7-p299/lib/ruby/1.8/webrick/server.rb:82:in `start'

Rendered rescues/_trace (38.7ms)
Rendered rescues/_request_and_response (0.3ms)
Rendering rescues/layout (internal_server_error)


Processing UserSessionsController#new (for 127.0.0.1 at 2010-08-25 13:34:27) [GET]

NoMethodError (undefined method `set_facebook_session' for #<UserSessionsController:0x10238bd20>):
  /Users/Daniel/.rvm/rubies/ruby-1.8.7-p299/lib/ruby/1.8/webrick/httpserver.rb:104:in `service'
  /Users/Daniel/.rvm/rubies/ruby-1.8.7-p299/lib/ruby/1.8/webrick/httpserver.rb:65:in `run'
  /Users/Daniel/.rvm/rubies/ruby-1.8.7-p299/lib/ruby/1.8/webrick/server.rb:173:in `start_thread'
  /Users/Daniel/.rvm/rubies/ruby-1.8.7-p299/lib/ruby/1.8/webrick/server.rb:162:in `start'
  /Users/Daniel/.rvm/rubies/ruby-1.8.7-p299/lib/ruby/1.8/webrick/server.rb:162:in `start_thread'
  /Users/Daniel/.rvm/rubies/ruby-1.8.7-p299/lib/ruby/1.8/webrick/server.rb:95:in `start'
  /Users/Daniel/.rvm/rubies/ruby-1.8.7-p299/lib/ruby/1.8/webrick/server.rb:92:in `each'
  /Users/Daniel/.rvm/rubies/ruby-1.8.7-p299/lib/ruby/1.8/webrick/server.rb:92:in `start'
  /Users/Daniel/.rvm/rubies/ruby-1.8.7-p299/lib/ruby/1.8/webrick/server.rb:23:in `start'
  /Users/Daniel/.rvm/rubies/ruby-1.8.7-p299/lib/ruby/1.8/webrick/server.rb:82:in `start'

Rendered rescues/_trace (37.6ms)
Rendered rescues/_request_and_response (0.3ms)
Rendering rescues/layout (internal_server_error)


Processing UserSessionsController#new (for 127.0.0.1 at 2010-08-25 13:34:34) [GET]

ActiveRecord::StatementInvalid (Could not find table 'users'):
  app/controllers/user_sessions_controller.rb:5:in `new'
  app/controllers/user_sessions_controller.rb:5:in `new'
  /Users/Daniel/.rvm/rubies/ruby-1.8.7-p299/lib/ruby/1.8/webrick/httpserver.rb:104:in `service'
  /Users/Daniel/.rvm/rubies/ruby-1.8.7-p299/lib/ruby/1.8/webrick/httpserver.rb:65:in `run'
  /Users/Daniel/.rvm/rubies/ruby-1.8.7-p299/lib/ruby/1.8/webrick/server.rb:173:in `start_thread'
  /Users/Daniel/.rvm/rubies/ruby-1.8.7-p299/lib/ruby/1.8/webrick/server.rb:162:in `start'
  /Users/Daniel/.rvm/rubies/ruby-1.8.7-p299/lib/ruby/1.8/webrick/server.rb:162:in `start_thread'
  /Users/Daniel/.rvm/rubies/ruby-1.8.7-p299/lib/ruby/1.8/webrick/server.rb:95:in `start'
  /Users/Daniel/.rvm/rubies/ruby-1.8.7-p299/lib/ruby/1.8/webrick/server.rb:92:in `each'
  /Users/Daniel/.rvm/rubies/ruby-1.8.7-p299/lib/ruby/1.8/webrick/server.rb:92:in `start'
  /Users/Daniel/.rvm/rubies/ruby-1.8.7-p299/lib/ruby/1.8/webrick/server.rb:23:in `start'
  /Users/Daniel/.rvm/rubies/ruby-1.8.7-p299/lib/ruby/1.8/webrick/server.rb:82:in `start'

Rendered rescues/_trace (91.7ms)
Rendered rescues/_request_and_response (0.3ms)
Rendering rescues/layout (internal_server_error)
  [4;36;1mSQL (1.0ms)[0m   [0;1m SELECT name
 FROM sqlite_master
 WHERE type = 'table' AND NOT name = 'sqlite_sequence'
[0m
  [4;35;1mSQL (0.2ms)[0m   [0mselect sqlite_version(*)[0m
  [4;36;1mSQL (2.7ms)[0m   [0;1mCREATE TABLE "schema_migrations" ("version" varchar(255) NOT NULL) [0m
  [4;35;1mSQL (2.1ms)[0m   [0mCREATE UNIQUE INDEX "unique_schema_migrations" ON "schema_migrations" ("version")[0m
  [4;36;1mSQL (0.4ms)[0m   [0;1m SELECT name
 FROM sqlite_master
 WHERE type = 'table' AND NOT name = 'sqlite_sequence'
[0m
  [4;35;1mSQL (0.1ms)[0m   [0mSELECT version FROM schema_migrations[0m
Migrating to CreateUsers (20100825201536)
  [4;36;1mSQL (0.5ms)[0m   [0;1mCREATE TABLE "users" ("id" INTEGER PRIMARY KEY AUTOINCREMENT NOT NULL, "name" varchar(255) NOT NULL, "email" varchar(255), "crypted_password" varchar(255), "password_salt" varchar(255), "persistence_token" varchar(255), "facebook_session_key" varchar(255), "facebook_uid" integer(8), "created_at" datetime, "updated_at" datetime) [0m
  [4;35;1mSQL (0.2ms)[0m   [0mINSERT INTO schema_migrations (version) VALUES ('20100825201536')[0m
Migrating to UserSession (20100825201625)
  [4;36;1mSQL (0.5ms)[0m   [0;1mCREATE TABLE "sessions" ("id" INTEGER PRIMARY KEY AUTOINCREMENT NOT NULL, "session_id" varchar(255) NOT NULL, "data" text, "created_at" datetime, "updated_at" datetime) [0m
  [4;35;1mSQL (0.2ms)[0m   [0mCREATE INDEX "index_sessions_on_session_id" ON "sessions" ("session_id")[0m
  [4;36;1mSQL (0.1ms)[0m   [0;1mCREATE INDEX "index_sessions_on_updated_at" ON "sessions" ("updated_at")[0m
  [4;35;1mSQL (0.1ms)[0m   [0mINSERT INTO schema_migrations (version) VALUES ('20100825201625')[0m
  [4;36;1mSQL (0.4ms)[0m   [0;1m SELECT name
 FROM sqlite_master
 WHERE type = 'table' AND NOT name = 'sqlite_sequence'
[0m
  [4;35;1mSQL (0.2ms)[0m   [0mSELECT version FROM schema_migrations[0m
  [4;36;1mSQL (0.3ms)[0m   [0;1m SELECT name
 FROM sqlite_master
 WHERE type = 'table' AND NOT name = 'sqlite_sequence'
[0m
  [4;35;1mSQL (0.2ms)[0m   [0mPRAGMA index_list("sessions")[0m
  [4;36;1mSQL (0.1ms)[0m   [0;1mPRAGMA index_info('index_sessions_on_updated_at')[0m
  [4;35;1mSQL (0.1ms)[0m   [0mPRAGMA index_info('index_sessions_on_session_id')[0m
  [4;36;1mSQL (0.1ms)[0m   [0;1mPRAGMA index_list("users")[0m


Processing UserSessionsController#new (for 127.0.0.1 at 2010-08-25 13:34:52) [GET]

NoMethodError (undefined method `set_facebook_session' for #<UserSessionsController:0x1005ab440>):
  /Users/Daniel/.rvm/rubies/ruby-1.8.7-p299/lib/ruby/1.8/webrick/httpserver.rb:104:in `service'
  /Users/Daniel/.rvm/rubies/ruby-1.8.7-p299/lib/ruby/1.8/webrick/httpserver.rb:65:in `run'
  /Users/Daniel/.rvm/rubies/ruby-1.8.7-p299/lib/ruby/1.8/webrick/server.rb:173:in `start_thread'
  /Users/Daniel/.rvm/rubies/ruby-1.8.7-p299/lib/ruby/1.8/webrick/server.rb:162:in `start'
  /Users/Daniel/.rvm/rubies/ruby-1.8.7-p299/lib/ruby/1.8/webrick/server.rb:162:in `start_thread'
  /Users/Daniel/.rvm/rubies/ruby-1.8.7-p299/lib/ruby/1.8/webrick/server.rb:95:in `start'
  /Users/Daniel/.rvm/rubies/ruby-1.8.7-p299/lib/ruby/1.8/webrick/server.rb:92:in `each'
  /Users/Daniel/.rvm/rubies/ruby-1.8.7-p299/lib/ruby/1.8/webrick/server.rb:92:in `start'
  /Users/Daniel/.rvm/rubies/ruby-1.8.7-p299/lib/ruby/1.8/webrick/server.rb:23:in `start'
  /Users/Daniel/.rvm/rubies/ruby-1.8.7-p299/lib/ruby/1.8/webrick/server.rb:82:in `start'

Rendered rescues/_trace (83.3ms)
Rendered rescues/_request_and_response (1.1ms)
Rendering rescues/layout (internal_server_error)


Processing UserSessionsController#new (for 127.0.0.1 at 2010-08-25 13:35:02) [GET]

NameError (uninitialized constant Authlogic):
  app/models/user_session.rb:1
  app/controllers/user_sessions_controller.rb:6:in `new'
  /Users/Daniel/.rvm/rubies/ruby-1.8.7-p299/lib/ruby/1.8/webrick/httpserver.rb:104:in `service'
  /Users/Daniel/.rvm/rubies/ruby-1.8.7-p299/lib/ruby/1.8/webrick/httpserver.rb:65:in `run'
  /Users/Daniel/.rvm/rubies/ruby-1.8.7-p299/lib/ruby/1.8/webrick/server.rb:173:in `start_thread'
  /Users/Daniel/.rvm/rubies/ruby-1.8.7-p299/lib/ruby/1.8/webrick/server.rb:162:in `start'
  /Users/Daniel/.rvm/rubies/ruby-1.8.7-p299/lib/ruby/1.8/webrick/server.rb:162:in `start_thread'
  /Users/Daniel/.rvm/rubies/ruby-1.8.7-p299/lib/ruby/1.8/webrick/server.rb:95:in `start'
  /Users/Daniel/.rvm/rubies/ruby-1.8.7-p299/lib/ruby/1.8/webrick/server.rb:92:in `each'
  /Users/Daniel/.rvm/rubies/ruby-1.8.7-p299/lib/ruby/1.8/webrick/server.rb:92:in `start'
  /Users/Daniel/.rvm/rubies/ruby-1.8.7-p299/lib/ruby/1.8/webrick/server.rb:23:in `start'
  /Users/Daniel/.rvm/rubies/ruby-1.8.7-p299/lib/ruby/1.8/webrick/server.rb:82:in `start'

Rendered rescues/_trace (96.1ms)
Rendered rescues/_request_and_response (0.3ms)
Rendering rescues/layout (internal_server_error)


Processing UserSessionsController#new (for 127.0.0.1 at 2010-08-25 13:36:48) [GET]

NameError (uninitialized constant Authlogic):
  app/models/user_session.rb:1
  app/controllers/user_sessions_controller.rb:6:in `new'
  /Users/Daniel/.rvm/rubies/ruby-1.8.7-p299/lib/ruby/1.8/webrick/httpserver.rb:104:in `service'
  /Users/Daniel/.rvm/rubies/ruby-1.8.7-p299/lib/ruby/1.8/webrick/httpserver.rb:65:in `run'
  /Users/Daniel/.rvm/rubies/ruby-1.8.7-p299/lib/ruby/1.8/webrick/server.rb:173:in `start_thread'
  /Users/Daniel/.rvm/rubies/ruby-1.8.7-p299/lib/ruby/1.8/webrick/server.rb:162:in `start'
  /Users/Daniel/.rvm/rubies/ruby-1.8.7-p299/lib/ruby/1.8/webrick/server.rb:162:in `start_thread'
  /Users/Daniel/.rvm/rubies/ruby-1.8.7-p299/lib/ruby/1.8/webrick/server.rb:95:in `start'
  /Users/Daniel/.rvm/rubies/ruby-1.8.7-p299/lib/ruby/1.8/webrick/server.rb:92:in `each'
  /Users/Daniel/.rvm/rubies/ruby-1.8.7-p299/lib/ruby/1.8/webrick/server.rb:92:in `start'
  /Users/Daniel/.rvm/rubies/ruby-1.8.7-p299/lib/ruby/1.8/webrick/server.rb:23:in `start'
  /Users/Daniel/.rvm/rubies/ruby-1.8.7-p299/lib/ruby/1.8/webrick/server.rb:82:in `start'

Rendered rescues/_trace (47.2ms)
Rendered rescues/_request_and_response (0.3ms)
Rendering rescues/layout (internal_server_error)


Processing UserSessionsController#new (for 127.0.0.1 at 2010-08-25 13:37:55) [GET]

NameError (uninitialized constant Authlogic):
  app/models/user_session.rb:1
  app/controllers/user_sessions_controller.rb:6:in `new'
  /Users/Daniel/.rvm/rubies/ruby-1.8.7-p299/lib/ruby/1.8/webrick/httpserver.rb:104:in `service'
  /Users/Daniel/.rvm/rubies/ruby-1.8.7-p299/lib/ruby/1.8/webrick/httpserver.rb:65:in `run'
  /Users/Daniel/.rvm/rubies/ruby-1.8.7-p299/lib/ruby/1.8/webrick/server.rb:173:in `start_thread'
  /Users/Daniel/.rvm/rubies/ruby-1.8.7-p299/lib/ruby/1.8/webrick/server.rb:162:in `start'
  /Users/Daniel/.rvm/rubies/ruby-1.8.7-p299/lib/ruby/1.8/webrick/server.rb:162:in `start_thread'
  /Users/Daniel/.rvm/rubies/ruby-1.8.7-p299/lib/ruby/1.8/webrick/server.rb:95:in `start'
  /Users/Daniel/.rvm/rubies/ruby-1.8.7-p299/lib/ruby/1.8/webrick/server.rb:92:in `each'
  /Users/Daniel/.rvm/rubies/ruby-1.8.7-p299/lib/ruby/1.8/webrick/server.rb:92:in `start'
  /Users/Daniel/.rvm/rubies/ruby-1.8.7-p299/lib/ruby/1.8/webrick/server.rb:23:in `start'
  /Users/Daniel/.rvm/rubies/ruby-1.8.7-p299/lib/ruby/1.8/webrick/server.rb:82:in `start'

Rendered rescues/_trace (45.4ms)
Rendered rescues/_request_and_response (1.2ms)
Rendering rescues/layout (internal_server_error)


Processing UserSessionsController#new (for 127.0.0.1 at 2010-08-25 13:37:56) [GET]

NameError (uninitialized constant Authlogic):
  app/models/user_session.rb:1
  app/controllers/user_sessions_controller.rb:6:in `new'
  /Users/Daniel/.rvm/rubies/ruby-1.8.7-p299/lib/ruby/1.8/webrick/httpserver.rb:104:in `service'
  /Users/Daniel/.rvm/rubies/ruby-1.8.7-p299/lib/ruby/1.8/webrick/httpserver.rb:65:in `run'
  /Users/Daniel/.rvm/rubies/ruby-1.8.7-p299/lib/ruby/1.8/webrick/server.rb:173:in `start_thread'
  /Users/Daniel/.rvm/rubies/ruby-1.8.7-p299/lib/ruby/1.8/webrick/server.rb:162:in `start'
  /Users/Daniel/.rvm/rubies/ruby-1.8.7-p299/lib/ruby/1.8/webrick/server.rb:162:in `start_thread'
  /Users/Daniel/.rvm/rubies/ruby-1.8.7-p299/lib/ruby/1.8/webrick/server.rb:95:in `start'
  /Users/Daniel/.rvm/rubies/ruby-1.8.7-p299/lib/ruby/1.8/webrick/server.rb:92:in `each'
  /Users/Daniel/.rvm/rubies/ruby-1.8.7-p299/lib/ruby/1.8/webrick/server.rb:92:in `start'
  /Users/Daniel/.rvm/rubies/ruby-1.8.7-p299/lib/ruby/1.8/webrick/server.rb:23:in `start'
  /Users/Daniel/.rvm/rubies/ruby-1.8.7-p299/lib/ruby/1.8/webrick/server.rb:82:in `start'

Rendered rescues/_trace (96.7ms)
Rendered rescues/_request_and_response (0.3ms)
Rendering rescues/layout (internal_server_error)


Processing UserSessionsController#new (for 127.0.0.1 at 2010-08-25 13:37:56) [GET]

NameError (uninitialized constant Authlogic):
  app/models/user_session.rb:1
  app/controllers/user_sessions_controller.rb:6:in `new'
  /Users/Daniel/.rvm/rubies/ruby-1.8.7-p299/lib/ruby/1.8/webrick/httpserver.rb:104:in `service'
  /Users/Daniel/.rvm/rubies/ruby-1.8.7-p299/lib/ruby/1.8/webrick/httpserver.rb:65:in `run'
  /Users/Daniel/.rvm/rubies/ruby-1.8.7-p299/lib/ruby/1.8/webrick/server.rb:173:in `start_thread'
  /Users/Daniel/.rvm/rubies/ruby-1.8.7-p299/lib/ruby/1.8/webrick/server.rb:162:in `start'
  /Users/Daniel/.rvm/rubies/ruby-1.8.7-p299/lib/ruby/1.8/webrick/server.rb:162:in `start_thread'
  /Users/Daniel/.rvm/rubies/ruby-1.8.7-p299/lib/ruby/1.8/webrick/server.rb:95:in `start'
  /Users/Daniel/.rvm/rubies/ruby-1.8.7-p299/lib/ruby/1.8/webrick/server.rb:92:in `each'
  /Users/Daniel/.rvm/rubies/ruby-1.8.7-p299/lib/ruby/1.8/webrick/server.rb:92:in `start'
  /Users/Daniel/.rvm/rubies/ruby-1.8.7-p299/lib/ruby/1.8/webrick/server.rb:23:in `start'
  /Users/Daniel/.rvm/rubies/ruby-1.8.7-p299/lib/ruby/1.8/webrick/server.rb:82:in `start'

Rendered rescues/_trace (43.2ms)
Rendered rescues/_request_and_response (0.3ms)
Rendering rescues/layout (internal_server_error)


Processing UserSessionsController#new (for 127.0.0.1 at 2010-08-25 13:37:57) [GET]

NameError (uninitialized constant Authlogic):
  app/models/user_session.rb:1
  app/controllers/user_sessions_controller.rb:6:in `new'
  /Users/Daniel/.rvm/rubies/ruby-1.8.7-p299/lib/ruby/1.8/webrick/httpserver.rb:104:in `service'
  /Users/Daniel/.rvm/rubies/ruby-1.8.7-p299/lib/ruby/1.8/webrick/httpserver.rb:65:in `run'
  /Users/Daniel/.rvm/rubies/ruby-1.8.7-p299/lib/ruby/1.8/webrick/server.rb:173:in `start_thread'
  /Users/Daniel/.rvm/rubies/ruby-1.8.7-p299/lib/ruby/1.8/webrick/server.rb:162:in `start'
  /Users/Daniel/.rvm/rubies/ruby-1.8.7-p299/lib/ruby/1.8/webrick/server.rb:162:in `start_thread'
  /Users/Daniel/.rvm/rubies/ruby-1.8.7-p299/lib/ruby/1.8/webrick/server.rb:95:in `start'
  /Users/Daniel/.rvm/rubies/ruby-1.8.7-p299/lib/ruby/1.8/webrick/server.rb:92:in `each'
  /Users/Daniel/.rvm/rubies/ruby-1.8.7-p299/lib/ruby/1.8/webrick/server.rb:92:in `start'
  /Users/Daniel/.rvm/rubies/ruby-1.8.7-p299/lib/ruby/1.8/webrick/server.rb:23:in `start'
  /Users/Daniel/.rvm/rubies/ruby-1.8.7-p299/lib/ruby/1.8/webrick/server.rb:82:in `start'

Rendered rescues/_trace (43.8ms)
Rendered rescues/_request_and_response (0.3ms)
Rendering rescues/layout (internal_server_error)


Processing UserSessionsController#new (for 127.0.0.1 at 2010-08-25 13:37:57) [GET]

NameError (uninitialized constant Authlogic):
  app/models/user_session.rb:1
  app/controllers/user_sessions_controller.rb:6:in `new'
  /Users/Daniel/.rvm/rubies/ruby-1.8.7-p299/lib/ruby/1.8/webrick/httpserver.rb:104:in `service'
  /Users/Daniel/.rvm/rubies/ruby-1.8.7-p299/lib/ruby/1.8/webrick/httpserver.rb:65:in `run'
  /Users/Daniel/.rvm/rubies/ruby-1.8.7-p299/lib/ruby/1.8/webrick/server.rb:173:in `start_thread'
  /Users/Daniel/.rvm/rubies/ruby-1.8.7-p299/lib/ruby/1.8/webrick/server.rb:162:in `start'
  /Users/Daniel/.rvm/rubies/ruby-1.8.7-p299/lib/ruby/1.8/webrick/server.rb:162:in `start_thread'
  /Users/Daniel/.rvm/rubies/ruby-1.8.7-p299/lib/ruby/1.8/webrick/server.rb:95:in `start'
  /Users/Daniel/.rvm/rubies/ruby-1.8.7-p299/lib/ruby/1.8/webrick/server.rb:92:in `each'
  /Users/Daniel/.rvm/rubies/ruby-1.8.7-p299/lib/ruby/1.8/webrick/server.rb:92:in `start'
  /Users/Daniel/.rvm/rubies/ruby-1.8.7-p299/lib/ruby/1.8/webrick/server.rb:23:in `start'
  /Users/Daniel/.rvm/rubies/ruby-1.8.7-p299/lib/ruby/1.8/webrick/server.rb:82:in `start'

Rendered rescues/_trace (94.8ms)
Rendered rescues/_request_and_response (0.3ms)
Rendering rescues/layout (internal_server_error)


Processing UserSessionsController#new (for 127.0.0.1 at 2010-08-25 13:37:57) [GET]

NameError (uninitialized constant Authlogic):
  app/models/user_session.rb:1
  app/controllers/user_sessions_controller.rb:6:in `new'
  /Users/Daniel/.rvm/rubies/ruby-1.8.7-p299/lib/ruby/1.8/webrick/httpserver.rb:104:in `service'
  /Users/Daniel/.rvm/rubies/ruby-1.8.7-p299/lib/ruby/1.8/webrick/httpserver.rb:65:in `run'
  /Users/Daniel/.rvm/rubies/ruby-1.8.7-p299/lib/ruby/1.8/webrick/server.rb:173:in `start_thread'
  /Users/Daniel/.rvm/rubies/ruby-1.8.7-p299/lib/ruby/1.8/webrick/server.rb:162:in `start'
  /Users/Daniel/.rvm/rubies/ruby-1.8.7-p299/lib/ruby/1.8/webrick/server.rb:162:in `start_thread'
  /Users/Daniel/.rvm/rubies/ruby-1.8.7-p299/lib/ruby/1.8/webrick/server.rb:95:in `start'
  /Users/Daniel/.rvm/rubies/ruby-1.8.7-p299/lib/ruby/1.8/webrick/server.rb:92:in `each'
  /Users/Daniel/.rvm/rubies/ruby-1.8.7-p299/lib/ruby/1.8/webrick/server.rb:92:in `start'
  /Users/Daniel/.rvm/rubies/ruby-1.8.7-p299/lib/ruby/1.8/webrick/server.rb:23:in `start'
  /Users/Daniel/.rvm/rubies/ruby-1.8.7-p299/lib/ruby/1.8/webrick/server.rb:82:in `start'

Rendered rescues/_trace (42.5ms)
Rendered rescues/_request_and_response (0.3ms)
Rendering rescues/layout (internal_server_error)


Processing UserSessionsController#new (for 127.0.0.1 at 2010-08-25 13:37:57) [GET]

NameError (uninitialized constant Authlogic):
  app/models/user_session.rb:1
  app/controllers/user_sessions_controller.rb:6:in `new'
  /Users/Daniel/.rvm/rubies/ruby-1.8.7-p299/lib/ruby/1.8/webrick/httpserver.rb:104:in `service'
  /Users/Daniel/.rvm/rubies/ruby-1.8.7-p299/lib/ruby/1.8/webrick/httpserver.rb:65:in `run'
  /Users/Daniel/.rvm/rubies/ruby-1.8.7-p299/lib/ruby/1.8/webrick/server.rb:173:in `start_thread'
  /Users/Daniel/.rvm/rubies/ruby-1.8.7-p299/lib/ruby/1.8/webrick/server.rb:162:in `start'
  /Users/Daniel/.rvm/rubies/ruby-1.8.7-p299/lib/ruby/1.8/webrick/server.rb:162:in `start_thread'
  /Users/Daniel/.rvm/rubies/ruby-1.8.7-p299/lib/ruby/1.8/webrick/server.rb:95:in `start'
  /Users/Daniel/.rvm/rubies/ruby-1.8.7-p299/lib/ruby/1.8/webrick/server.rb:92:in `each'
  /Users/Daniel/.rvm/rubies/ruby-1.8.7-p299/lib/ruby/1.8/webrick/server.rb:92:in `start'
  /Users/Daniel/.rvm/rubies/ruby-1.8.7-p299/lib/ruby/1.8/webrick/server.rb:23:in `start'
  /Users/Daniel/.rvm/rubies/ruby-1.8.7-p299/lib/ruby/1.8/webrick/server.rb:82:in `start'

Rendered rescues/_trace (43.6ms)
Rendered rescues/_request_and_response (0.3ms)
Rendering rescues/layout (internal_server_error)


Processing UserSessionsController#new (for 127.0.0.1 at 2010-08-25 13:37:57) [GET]

NameError (uninitialized constant Authlogic):
  app/models/user_session.rb:1
  app/controllers/user_sessions_controller.rb:6:in `new'
  /Users/Daniel/.rvm/rubies/ruby-1.8.7-p299/lib/ruby/1.8/webrick/httpserver.rb:104:in `service'
  /Users/Daniel/.rvm/rubies/ruby-1.8.7-p299/lib/ruby/1.8/webrick/httpserver.rb:65:in `run'
  /Users/Daniel/.rvm/rubies/ruby-1.8.7-p299/lib/ruby/1.8/webrick/server.rb:173:in `start_thread'
  /Users/Daniel/.rvm/rubies/ruby-1.8.7-p299/lib/ruby/1.8/webrick/server.rb:162:in `start'
  /Users/Daniel/.rvm/rubies/ruby-1.8.7-p299/lib/ruby/1.8/webrick/server.rb:162:in `start_thread'
  /Users/Daniel/.rvm/rubies/ruby-1.8.7-p299/lib/ruby/1.8/webrick/server.rb:95:in `start'
  /Users/Daniel/.rvm/rubies/ruby-1.8.7-p299/lib/ruby/1.8/webrick/server.rb:92:in `each'
  /Users/Daniel/.rvm/rubies/ruby-1.8.7-p299/lib/ruby/1.8/webrick/server.rb:92:in `start'
  /Users/Daniel/.rvm/rubies/ruby-1.8.7-p299/lib/ruby/1.8/webrick/server.rb:23:in `start'
  /Users/Daniel/.rvm/rubies/ruby-1.8.7-p299/lib/ruby/1.8/webrick/server.rb:82:in `start'

Rendered rescues/_trace (98.3ms)
Rendered rescues/_request_and_response (0.3ms)
Rendering rescues/layout (internal_server_error)


Processing UserSessionsController#new (for 127.0.0.1 at 2010-08-25 13:41:31) [GET]
Rendering template within layouts/application
Rendering user_sessions/new

ActionView::TemplateError (undefined method `fb_login_button' for #<ActionView::Base:0x101d865d8>) on line #2 of app/views/user_sessions/new.html.erb:
1: <div>
2:   <%= authlogic_facebook_login_button %>
3: </div>

    app/views/user_sessions/new.html.erb:2
    /Users/Daniel/.rvm/rubies/ruby-1.8.7-p299/lib/ruby/1.8/webrick/httpserver.rb:104:in `service'
    /Users/Daniel/.rvm/rubies/ruby-1.8.7-p299/lib/ruby/1.8/webrick/httpserver.rb:65:in `run'
    /Users/Daniel/.rvm/rubies/ruby-1.8.7-p299/lib/ruby/1.8/webrick/server.rb:173:in `start_thread'
    /Users/Daniel/.rvm/rubies/ruby-1.8.7-p299/lib/ruby/1.8/webrick/server.rb:162:in `start'
    /Users/Daniel/.rvm/rubies/ruby-1.8.7-p299/lib/ruby/1.8/webrick/server.rb:162:in `start_thread'
    /Users/Daniel/.rvm/rubies/ruby-1.8.7-p299/lib/ruby/1.8/webrick/server.rb:95:in `start'
    /Users/Daniel/.rvm/rubies/ruby-1.8.7-p299/lib/ruby/1.8/webrick/server.rb:92:in `each'
    /Users/Daniel/.rvm/rubies/ruby-1.8.7-p299/lib/ruby/1.8/webrick/server.rb:92:in `start'
    /Users/Daniel/.rvm/rubies/ruby-1.8.7-p299/lib/ruby/1.8/webrick/server.rb:23:in `start'
    /Users/Daniel/.rvm/rubies/ruby-1.8.7-p299/lib/ruby/1.8/webrick/server.rb:82:in `start'

Rendered rescues/_trace (102.0ms)
Rendered rescues/_request_and_response (1.1ms)
Rendering rescues/layout (internal_server_error)
